# JRE version: OpenJDK Runtime Environment (8.0_162-b12) (build 1.8.0_162-8u162-b12-0ubuntu0.16.04.2-b12)
# Java VM: OpenJDK 64-Bit Server VM (25.162-b12 mixed mode linux-amd64 compressed oops)
Heap:
 PSYoungGen      total 19968K, used 6767K [0x00000000eb900000, 0x00000000ed500000, 0x0000000100000000)
  eden space 12800K, 12% used [0x00000000eb900000,0x00000000eba93198,0x00000000ec580000)
  from space 7168K, 71% used [0x00000000ecd00000,0x00000000ed208cc8,0x00000000ed400000)
  to   space 7680K, 0% used [0x00000000ec580000,0x00000000ec580000,0x00000000ecd00000)
 ParOldGen       total 145920K, used 138340K [0x00000000c2a00000, 0x00000000cb880000, 0x00000000eb900000)
  object space 145920K, 94% used [0x00000000c2a00000,0x00000000cb1191b0,0x00000000cb880000)
 Metaspace       used 41819K, capacity 45228K, committed 45824K, reserved 1089536K
  class space    used 5359K, capacity 6403K, committed 6656K, reserved 1048576K
GC Heap History (10 events):
Event: 8829.112 GC heap before
{Heap before GC invocations=556 (full 204):
 PSYoungGen      total 20992K, used 6643K [0x00000000eb900000, 0x00000000ed500000, 0x0000000100000000)
  eden space 13312K, 48% used [0x00000000eb900000,0x00000000ebf4fff8,0x00000000ec600000)
  from space 7680K, 2% used [0x00000000ec600000,0x00000000ec62ce30,0x00000000ecd80000)
  to   space 7680K, 0% used [0x00000000ecd80000,0x00000000ecd80000,0x00000000ed500000)
 ParOldGen       total 129536K, used 114032K [0x00000000c2a00000, 0x00000000ca880000, 0x00000000eb900000)
  object space 129536K, 88% used [0x00000000c2a00000,0x00000000c995c180,0x00000000ca880000)
 Metaspace       used 41724K, capacity 45056K, committed 45824K, reserved 1089536K
  class space    used 5340K, capacity 6327K, committed 6656K, reserved 1048576K
Event: 8829.116 GC heap after
Heap after GC invocations=556 (full 204):
 PSYoungGen      total 19968K, used 850K [0x00000000eb900000, 0x00000000ed400000, 0x0000000100000000)
  eden space 13312K, 0% used [0x00000000eb900000,0x00000000eb900000,0x00000000ec600000)
  from space 6656K, 12% used [0x00000000ecd80000,0x00000000ece54a60,0x00000000ed400000)
  to   space 7168K, 0% used [0x00000000ec600000,0x00000000ec600000,0x00000000ecd00000)
 ParOldGen       total 129536K, used 114032K [0x00000000c2a00000, 0x00000000ca880000, 0x00000000eb900000)
  object space 129536K, 88% used [0x00000000c2a00000,0x00000000c995c180,0x00000000ca880000)
 Metaspace       used 41724K, capacity 45056K, committed 45824K, reserved 1089536K
  class space    used 5340K, capacity 6327K, committed 6656K, reserved 1048576K
}
Event: 8859.450 GC heap before
{Heap before GC invocations=557 (full 204):
 PSYoungGen      total 19968K, used 14162K [0x00000000eb900000, 0x00000000ed400000, 0x0000000100000000)
  eden space 13312K, 100% used [0x00000000eb900000,0x00000000ec600000,0x00000000ec600000)
  from space 6656K, 12% used [0x00000000ecd80000,0x00000000ece54a60,0x00000000ed400000)
  to   space 7168K, 0% used [0x00000000ec600000,0x00000000ec600000,0x00000000ecd00000)
 ParOldGen       total 129536K, used 114032K [0x00000000c2a00000, 0x00000000ca880000, 0x00000000eb900000)
  object space 129536K, 88% used [0x00000000c2a00000,0x00000000c995c180,0x00000000ca880000)
 Metaspace       used 41745K, capacity 45064K, committed 45824K, reserved 1089536K
  class space    used 5342K, capacity 6329K, committed 6656K, reserved 1048576K
Event: 8859.455 GC heap after
Heap after GC invocations=557 (full 204):
 PSYoungGen      total 20480K, used 1224K [0x00000000eb900000, 0x00000000ed400000, 0x0000000100000000)
  eden space 13312K, 0% used [0x00000000eb900000,0x00000000eb900000,0x00000000ec600000)
  from space 7168K, 17% used [0x00000000ec600000,0x00000000ec732308,0x00000000ecd00000)
  to   space 7168K, 0% used [0x00000000ecd00000,0x00000000ecd00000,0x00000000ed400000)
 ParOldGen       total 129536K, used 114032K [0x00000000c2a00000, 0x00000000ca880000, 0x00000000eb900000)
  object space 129536K, 88% used [0x00000000c2a00000,0x00000000c995c180,0x00000000ca880000)
 Metaspace       used 41745K, capacity 45064K, committed 45824K, reserved 1089536K
  class space    used 5342K, capacity 6329K, committed 6656K, reserved 1048576K
}
Event: 8897.046 GC heap before
{Heap before GC invocations=558 (full 204):
 PSYoungGen      total 20480K, used 14536K [0x00000000eb900000, 0x00000000ed400000, 0x0000000100000000)
  eden space 13312K, 100% used [0x00000000eb900000,0x00000000ec600000,0x00000000ec600000)
  from space 7168K, 17% used [0x00000000ec600000,0x00000000ec732308,0x00000000ecd00000)
  to   space 7168K, 0% used [0x00000000ecd00000,0x00000000ecd00000,0x00000000ed400000)
 ParOldGen       total 129536K, used 114032K [0x00000000c2a00000, 0x00000000ca880000, 0x00000000eb900000)
  object space 129536K, 88% used [0x00000000c2a00000,0x00000000c995c180,0x00000000ca880000)
 Metaspace       used 41753K, capacity 45064K, committed 45824K, reserved 1089536K
  class space    used 5343K, capacity 6329K, committed 6656K, reserved 1048576K
Event: 8897.052 GC heap after
Heap after GC invocations=558 (full 204):
 PSYoungGen      total 19456K, used 1320K [0x00000000eb900000, 0x00000000ed300000, 0x0000000100000000)
  eden space 13312K, 0% used [0x00000000eb900000,0x00000000eb900000,0x00000000ec600000)
  from space 6144K, 21% used [0x00000000ecd00000,0x00000000ece4a308,0x00000000ed300000)
  to   space 6656K, 0% used [0x00000000ec600000,0x00000000ec600000,0x00000000ecc80000)
 ParOldGen       total 129536K, used 114040K [0x00000000c2a00000, 0x00000000ca880000, 0x00000000eb900000)
  object space 129536K, 88% used [0x00000000c2a00000,0x00000000c995e180,0x00000000ca880000)
 Metaspace       used 41753K, capacity 45064K, committed 45824K, reserved 1089536K
  class space    used 5343K, capacity 6329K, committed 6656K, reserved 1048576K
}
Event: 8901.002 GC heap before
{Heap before GC invocations=559 (full 204):
 PSYoungGen      total 19456K, used 13985K [0x00000000eb900000, 0x00000000ed300000, 0x0000000100000000)
  eden space 13312K, 95% used [0x00000000eb900000,0x00000000ec55e1a0,0x00000000ec600000)
  from space 6144K, 21% used [0x00000000ecd00000,0x00000000ece4a308,0x00000000ed300000)
  to   space 6656K, 0% used [0x00000000ec600000,0x00000000ec600000,0x00000000ecc80000)
 ParOldGen       total 129536K, used 114040K [0x00000000c2a00000, 0x00000000ca880000, 0x00000000eb900000)
  object space 129536K, 88% used [0x00000000c2a00000,0x00000000c995e180,0x00000000ca880000)
 Metaspace       used 41790K, capacity 45184K, committed 45824K, reserved 1089536K
  class space    used 5355K, capacity 6369K, committed 6656K, reserved 1048576K
Event: 8901.007 GC heap after
Heap after GC invocations=559 (full 204):
 PSYoungGen      total 19968K, used 4619K [0x00000000eb900000, 0x00000000ed400000, 0x0000000100000000)
  eden space 13312K, 0% used [0x00000000eb900000,0x00000000eb900000,0x00000000ec600000)
  from space 6656K, 69% used [0x00000000ec600000,0x00000000eca82f68,0x00000000ecc80000)
  to   space 7168K, 0% used [0x00000000ecd00000,0x00000000ecd00000,0x00000000ed400000)
 ParOldGen       total 129536K, used 114040K [0x00000000c2a00000, 0x00000000ca880000, 0x00000000eb900000)
  object space 129536K, 88% used [0x00000000c2a00000,0x00000000c995e180,0x00000000ca880000)
 Metaspace       used 41790K, capacity 45184K, committed 45824K, reserved 1089536K
  class space    used 5355K, capacity 6369K, committed 6656K, reserved 1048576K
}
Event: 8901.209 GC heap before
{Heap before GC invocations=560 (full 204):
 PSYoungGen      total 19968K, used 17857K [0x00000000eb900000, 0x00000000ed400000, 0x0000000100000000)
  eden space 13312K, 99% used [0x00000000eb900000,0x00000000ec5ed560,0x00000000ec600000)
  from space 6656K, 69% used [0x00000000ec600000,0x00000000eca82f68,0x00000000ecc80000)
  to   space 7168K, 0% used [0x00000000ecd00000,0x00000000ecd00000,0x00000000ed400000)
 ParOldGen       total 145920K, used 138340K [0x00000000c2a00000, 0x00000000cb880000, 0x00000000eb900000)
  object space 145920K, 94% used [0x00000000c2a00000,0x00000000cb1191b0,0x00000000cb880000)
 Metaspace       used 41790K, capacity 45184K, committed 45824K, reserved 1089536K
  class space    used 5355K, capacity 6369K, committed 6656K, reserved 1048576K
Event: 8901.214 GC heap after
Heap after GC invocations=560 (full 204):
 PSYoungGen      total 19968K, used 5155K [0x00000000eb900000, 0x00000000ed500000, 0x0000000100000000)
  eden space 12800K, 0% used [0x00000000eb900000,0x00000000eb900000,0x00000000ec580000)
  from space 7168K, 71% used [0x00000000ecd00000,0x00000000ed208cc8,0x00000000ed400000)
  to   space 7680K, 0% used [0x00000000ec580000,0x00000000ec580000,0x00000000ecd00000)
 ParOldGen       total 145920K, used 138340K [0x00000000c2a00000, 0x00000000cb880000, 0x00000000eb900000)
  object space 145920K, 94% used [0x00000000c2a00000,0x00000000cb1191b0,0x00000000cb880000)
 Metaspace       used 41790K, capacity 45184K, committed 45824K, reserved 1089536K
  class space    used 5355K, capacity 6369K, committed 6656K, reserved 1048576K
}

