# JRE version: Java(TM) SE Runtime Environment (8.0_111-b14) (build 1.8.0_111-b14)
# Java VM: Java HotSpot(TM) 64-Bit Server VM (25.111-b14 mixed mode bsd-amd64 compressed oops)
Heap:
 PSYoungGen      total 68608K, used 0K [0x000000076ab00000, 0x000000076f280000, 0x00000007c0000000)
  eden space 64000K, 0% used [0x000000076ab00000,0x000000076ab00000,0x000000076e980000)
  from space 4608K, 0% used [0x000000076ee00000,0x000000076ee00000,0x000000076f280000)
  to   space 4608K, 0% used [0x000000076e980000,0x000000076e980000,0x000000076ee00000)
 ParOldGen       total 175104K, used 16249K [0x00000006c0000000, 0x00000006cab00000, 0x000000076ab00000)
  object space 175104K, 9% used [0x00000006c0000000,0x00000006c0fde580,0x00000006cab00000)
 Metaspace       used 29992K, capacity 30702K, committed 31232K, reserved 1077248K
  class space    used 3732K, capacity 3944K, committed 4096K, reserved 1048576K
GC Heap History (10 events):
Event: 7660.256 GC heap before
{Heap before GC invocations=131 (full 63):
 PSYoungGen      total 66560K, used 2496K [0x000000076ab00000, 0x000000076f400000, 0x00000007c0000000)
  eden space 64000K, 0% used [0x000000076ab00000,0x000000076ab00000,0x000000076e980000)
  from space 2560K, 97% used [0x000000076f180000,0x000000076f3f0000,0x000000076f400000)
  to   space 4608K, 0% used [0x000000076eb00000,0x000000076eb00000,0x000000076ef80000)
 ParOldGen       total 175104K, used 19953K [0x00000006c0000000, 0x00000006cab00000, 0x000000076ab00000)
  object space 175104K, 11% used [0x00000006c0000000,0x00000006c137c7f8,0x00000006cab00000)
 Metaspace       used 30102K, capacity 30936K, committed 31232K, reserved 1077248K
  class space    used 3759K, capacity 3999K, committed 4096K, reserved 1048576K
Event: 7660.331 GC heap after
Heap after GC invocations=131 (full 63):
 PSYoungGen      total 66560K, used 0K [0x000000076ab00000, 0x000000076f400000, 0x00000007c0000000)
  eden space 64000K, 0% used [0x000000076ab00000,0x000000076ab00000,0x000000076e980000)
  from space 2560K, 0% used [0x000000076f180000,0x000000076f180000,0x000000076f400000)
  to   space 4608K, 0% used [0x000000076eb00000,0x000000076eb00000,0x000000076ef80000)
 ParOldGen       total 175104K, used 17456K [0x00000006c0000000, 0x00000006cab00000, 0x000000076ab00000)
  object space 175104K, 9% used [0x00000006c0000000,0x00000006c110c1a0,0x00000006cab00000)
 Metaspace       used 29998K, capacity 30770K, committed 31232K, reserved 1077248K
  class space    used 3741K, capacity 3966K, committed 4096K, reserved 1048576K
}
Event: 11260.335 GC heap before
{Heap before GC invocations=132 (full 63):
 PSYoungGen      total 66560K, used 27633K [0x000000076ab00000, 0x000000076f400000, 0x00000007c0000000)
  eden space 64000K, 43% used [0x000000076ab00000,0x000000076c5fc5f8,0x000000076e980000)
  from space 2560K, 0% used [0x000000076f180000,0x000000076f180000,0x000000076f400000)
  to   space 4608K, 0% used [0x000000076eb00000,0x000000076eb00000,0x000000076ef80000)
 ParOldGen       total 175104K, used 17456K [0x00000006c0000000, 0x00000006cab00000, 0x000000076ab00000)
  object space 175104K, 9% used [0x00000006c0000000,0x00000006c110c1a0,0x00000006cab00000)
 Metaspace       used 30049K, capacity 30834K, committed 31232K, reserved 1077248K
  class space    used 3741K, capacity 3966K, committed 4096K, reserved 1048576K
Event: 11260.341 GC heap after
Heap after GC invocations=132 (full 63):
 PSYoungGen      total 64512K, used 512K [0x000000076ab00000, 0x000000076f280000, 0x00000007c0000000)
  eden space 64000K, 0% used [0x000000076ab00000,0x000000076ab00000,0x000000076e980000)
  from space 512K, 100% used [0x000000076eb00000,0x000000076eb80000,0x000000076eb80000)
  to   space 4608K, 0% used [0x000000076ee00000,0x000000076ee00000,0x000000076f280000)
 ParOldGen       total 175104K, used 17464K [0x00000006c0000000, 0x00000006cab00000, 0x000000076ab00000)
  object space 175104K, 9% used [0x00000006c0000000,0x00000006c110e1a0,0x00000006cab00000)
 Metaspace       used 30049K, capacity 30834K, committed 31232K, reserved 1077248K
  class space    used 3741K, capacity 3966K, committed 4096K, reserved 1048576K
}
Event: 11260.341 GC heap before
{Heap before GC invocations=133 (full 64):
 PSYoungGen      total 64512K, used 512K [0x000000076ab00000, 0x000000076f280000, 0x00000007c0000000)
  eden space 64000K, 0% used [0x000000076ab00000,0x000000076ab00000,0x000000076e980000)
  from space 512K, 100% used [0x000000076eb00000,0x000000076eb80000,0x000000076eb80000)
  to   space 4608K, 0% used [0x000000076ee00000,0x000000076ee00000,0x000000076f280000)
 ParOldGen       total 175104K, used 17464K [0x00000006c0000000, 0x00000006cab00000, 0x000000076ab00000)
  object space 175104K, 9% used [0x00000006c0000000,0x00000006c110e1a0,0x00000006cab00000)
 Metaspace       used 30049K, capacity 30834K, committed 31232K, reserved 1077248K
  class space    used 3741K, capacity 3966K, committed 4096K, reserved 1048576K
Event: 11260.621 GC heap after
Heap after GC invocations=133 (full 64):
 PSYoungGen      total 64512K, used 0K [0x000000076ab00000, 0x000000076f280000, 0x00000007c0000000)
  eden space 64000K, 0% used [0x000000076ab00000,0x000000076ab00000,0x000000076e980000)
  from space 512K, 0% used [0x000000076eb00000,0x000000076eb00000,0x000000076eb80000)
  to   space 4608K, 0% used [0x000000076ee00000,0x000000076ee00000,0x000000076f280000)
 ParOldGen       total 175104K, used 16434K [0x00000006c0000000, 0x00000006cab00000, 0x000000076ab00000)
  object space 175104K, 9% used [0x00000006c0000000,0x00000006c100ca00,0x00000006cab00000)
 Metaspace       used 29998K, capacity 30750K, committed 31232K, reserved 1077248K
  class space    used 3734K, capacity 3952K, committed 4096K, reserved 1048576K
}
Event: 14860.630 GC heap before
{Heap before GC invocations=134 (full 64):
 PSYoungGen      total 64512K, used 11008K [0x000000076ab00000, 0x000000076f280000, 0x00000007c0000000)
  eden space 64000K, 17% used [0x000000076ab00000,0x000000076b5c02b0,0x000000076e980000)
  from space 512K, 0% used [0x000000076eb00000,0x000000076eb00000,0x000000076eb80000)
  to   space 4608K, 0% used [0x000000076ee00000,0x000000076ee00000,0x000000076f280000)
 ParOldGen       total 175104K, used 16434K [0x00000006c0000000, 0x00000006cab00000, 0x000000076ab00000)
  object space 175104K, 9% used [0x00000006c0000000,0x00000006c100ca00,0x00000006cab00000)
 Metaspace       used 30023K, capacity 30750K, committed 31232K, reserved 1077248K
  class space    used 3737K, capacity 3952K, committed 4096K, reserved 1048576K
Event: 14860.633 GC heap after
Heap after GC invocations=134 (full 64):
 PSYoungGen      total 68608K, used 288K [0x000000076ab00000, 0x000000076f280000, 0x00000007c0000000)
  eden space 64000K, 0% used [0x000000076ab00000,0x000000076ab00000,0x000000076e980000)
  from space 4608K, 6% used [0x000000076ee00000,0x000000076ee48000,0x000000076f280000)
  to   space 4608K, 0% used [0x000000076e980000,0x000000076e980000,0x000000076ee00000)
 ParOldGen       total 175104K, used 16442K [0x00000006c0000000, 0x00000006cab00000, 0x000000076ab00000)
  object space 175104K, 9% used [0x00000006c0000000,0x00000006c100ea00,0x00000006cab00000)
 Metaspace       used 30023K, capacity 30750K, committed 31232K, reserved 1077248K
  class space    used 3737K, capacity 3952K, committed 4096K, reserved 1048576K
}
Event: 14860.633 GC heap before
{Heap before GC invocations=135 (full 65):
 PSYoungGen      total 68608K, used 288K [0x000000076ab00000, 0x000000076f280000, 0x00000007c0000000)
  eden space 64000K, 0% used [0x000000076ab00000,0x000000076ab00000,0x000000076e980000)
  from space 4608K, 6% used [0x000000076ee00000,0x000000076ee48000,0x000000076f280000)
  to   space 4608K, 0% used [0x000000076e980000,0x000000076e980000,0x000000076ee00000)
 ParOldGen       total 175104K, used 16442K [0x00000006c0000000, 0x00000006cab00000, 0x000000076ab00000)
  object space 175104K, 9% used [0x00000006c0000000,0x00000006c100ea00,0x00000006cab00000)
 Metaspace       used 30023K, capacity 30750K, committed 31232K, reserved 1077248K
  class space    used 3737K, capacity 3952K, committed 4096K, reserved 1048576K
Event: 14860.715 GC heap after
Heap after GC invocations=135 (full 65):
 PSYoungGen      total 68608K, used 0K [0x000000076ab00000, 0x000000076f280000, 0x00000007c0000000)
  eden space 64000K, 0% used [0x000000076ab00000,0x000000076ab00000,0x000000076e980000)
  from space 4608K, 0% used [0x000000076ee00000,0x000000076ee00000,0x000000076f280000)
  to   space 4608K, 0% used [0x000000076e980000,0x000000076e980000,0x000000076ee00000)
 ParOldGen       total 175104K, used 16249K [0x00000006c0000000, 0x00000006cab00000, 0x000000076ab00000)
  object space 175104K, 9% used [0x00000006c0000000,0x00000006c0fde580,0x00000006cab00000)
 Metaspace       used 29992K, capacity 30702K, committed 31232K, reserved 1077248K
  class space    used 3732K, capacity 3944K, committed 4096K, reserved 1048576K
}

